<?xml version="1.0" encoding="UTF-8"?>
<testsuite xmlns:xsi="http://www.w3.org/2001/XMLSchema-instance" xsi:noNamespaceSchemaLocation="https://maven.apache.org/surefire/maven-surefire-plugin/xsd/surefire-test-report.xsd" name="Cucumber_Selenium.AppTest" time="13.879" tests="8" errors="0" skipped="0" failures="0">
  <properties>
    <property name="sun.desktop" value="windows"/>
    <property name="awt.toolkit" value="sun.awt.windows.WToolkit"/>
    <property name="java.specification.version" value="12"/>
    <property name="sun.cpu.isalist" value="amd64"/>
    <property name="sun.jnu.encoding" value="Cp1252"/>
    <property name="java.class.path" value="C:\Users\N.Kanakasabapathy\IdeaProjects\Cucumber_selenium\target\test-classes;C:\Users\N.Kanakasabapathy\IdeaProjects\Cucumber_selenium\target\classes;C:\Users\N.Kanakasabapathy\.m2\repository\junit\junit\4.12\junit-4.12.jar;C:\Users\N.Kanakasabapathy\.m2\repository\org\hamcrest\hamcrest-core\1.3\hamcrest-core-1.3.jar;C:\Users\N.Kanakasabapathy\.m2\repository\org\seleniumhq\selenium\selenium-java\3.7.0\selenium-java-3.7.0.jar;C:\Users\N.Kanakasabapathy\.m2\repository\org\seleniumhq\selenium\selenium-api\3.7.0\selenium-api-3.7.0.jar;C:\Users\N.Kanakasabapathy\.m2\repository\org\seleniumhq\selenium\selenium-chrome-driver\3.7.0\selenium-chrome-driver-3.7.0.jar;C:\Users\N.Kanakasabapathy\.m2\repository\org\seleniumhq\selenium\selenium-edge-driver\3.7.0\selenium-edge-driver-3.7.0.jar;C:\Users\N.Kanakasabapathy\.m2\repository\org\seleniumhq\selenium\selenium-firefox-driver\3.7.0\selenium-firefox-driver-3.7.0.jar;C:\Users\N.Kanakasabapathy\.m2\repository\org\seleniumhq\selenium\selenium-ie-driver\3.7.0\selenium-ie-driver-3.7.0.jar;C:\Users\N.Kanakasabapathy\.m2\repository\org\seleniumhq\selenium\selenium-opera-driver\3.7.0\selenium-opera-driver-3.7.0.jar;C:\Users\N.Kanakasabapathy\.m2\repository\org\seleniumhq\selenium\selenium-remote-driver\3.7.0\selenium-remote-driver-3.7.0.jar;C:\Users\N.Kanakasabapathy\.m2\repository\org\seleniumhq\selenium\selenium-safari-driver\3.7.0\selenium-safari-driver-3.7.0.jar;C:\Users\N.Kanakasabapathy\.m2\repository\org\seleniumhq\selenium\selenium-support\3.7.0\selenium-support-3.7.0.jar;C:\Users\N.Kanakasabapathy\.m2\repository\net\bytebuddy\byte-buddy\1.7.5\byte-buddy-1.7.5.jar;C:\Users\N.Kanakasabapathy\.m2\repository\org\apache\commons\commons-exec\1.3\commons-exec-1.3.jar;C:\Users\N.Kanakasabapathy\.m2\repository\commons-codec\commons-codec\1.10\commons-codec-1.10.jar;C:\Users\N.Kanakasabapathy\.m2\repository\commons-logging\commons-logging\1.2\commons-logging-1.2.jar;C:\Users\N.Kanakasabapathy\.m2\repository\com\google\code\gson\gson\2.8.2\gson-2.8.2.jar;C:\Users\N.Kanakasabapathy\.m2\repository\com\google\guava\guava\23.0\guava-23.0.jar;C:\Users\N.Kanakasabapathy\.m2\repository\com\google\code\findbugs\jsr305\1.3.9\jsr305-1.3.9.jar;C:\Users\N.Kanakasabapathy\.m2\repository\com\google\errorprone\error_prone_annotations\2.0.18\error_prone_annotations-2.0.18.jar;C:\Users\N.Kanakasabapathy\.m2\repository\com\google\j2objc\j2objc-annotations\1.1\j2objc-annotations-1.1.jar;C:\Users\N.Kanakasabapathy\.m2\repository\org\codehaus\mojo\animal-sniffer-annotations\1.14\animal-sniffer-annotations-1.14.jar;C:\Users\N.Kanakasabapathy\.m2\repository\org\apache\httpcomponents\httpclient\4.5.3\httpclient-4.5.3.jar;C:\Users\N.Kanakasabapathy\.m2\repository\org\apache\httpcomponents\httpcore\4.4.6\httpcore-4.4.6.jar;C:\Users\N.Kanakasabapathy\.m2\repository\info\cukes\cucumber-java\1.2.5\cucumber-java-1.2.5.jar;C:\Users\N.Kanakasabapathy\.m2\repository\info\cukes\cucumber-core\1.2.5\cucumber-core-1.2.5.jar;C:\Users\N.Kanakasabapathy\.m2\repository\info\cukes\cucumber-html\0.2.3\cucumber-html-0.2.3.jar;C:\Users\N.Kanakasabapathy\.m2\repository\info\cukes\gherkin\2.12.2\gherkin-2.12.2.jar;C:\Users\N.Kanakasabapathy\.m2\repository\info\cukes\cucumber-jvm-deps\1.0.5\cucumber-jvm-deps-1.0.5.jar;C:\Users\N.Kanakasabapathy\.m2\repository\info\cukes\cucumber-junit\1.2.5\cucumber-junit-1.2.5.jar;"/>
    <property name="java.vm.vendor" value="Oracle Corporation"/>
    <property name="sun.arch.data.model" value="64"/>
    <property name="user.variant" value=""/>
    <property name="java.vendor.url" value="https://java.oracle.com/"/>
    <property name="user.timezone" value="Etc/GMT"/>
    <property name="os.name" value="Windows 10"/>
    <property name="java.vm.specification.version" value="12"/>
    <property name="sun.java.launcher" value="SUN_STANDARD"/>
    <property name="user.country" value="US"/>
    <property name="sun.boot.library.path" value="C:\Program Files\Java\jdk-12.0.1\bin"/>
    <property name="sun.java.command" value="C:\Users\N.Kanakasabapathy\AppData\Local\Temp\surefire12889192786203483222\surefirebooter13112274434427788542.jar C:\Users\N.Kanakasabapathy\AppData\Local\Temp\surefire12889192786203483222 2019-08-16T16-05-54_697-jvmRun1 surefire17866596421364558435tmp surefire_010905312274323431491tmp"/>
    <property name="jdk.debug" value="release"/>
    <property name="surefire.test.class.path" value="C:\Users\N.Kanakasabapathy\IdeaProjects\Cucumber_selenium\target\test-classes;C:\Users\N.Kanakasabapathy\IdeaProjects\Cucumber_selenium\target\classes;C:\Users\N.Kanakasabapathy\.m2\repository\junit\junit\4.12\junit-4.12.jar;C:\Users\N.Kanakasabapathy\.m2\repository\org\hamcrest\hamcrest-core\1.3\hamcrest-core-1.3.jar;C:\Users\N.Kanakasabapathy\.m2\repository\org\seleniumhq\selenium\selenium-java\3.7.0\selenium-java-3.7.0.jar;C:\Users\N.Kanakasabapathy\.m2\repository\org\seleniumhq\selenium\selenium-api\3.7.0\selenium-api-3.7.0.jar;C:\Users\N.Kanakasabapathy\.m2\repository\org\seleniumhq\selenium\selenium-chrome-driver\3.7.0\selenium-chrome-driver-3.7.0.jar;C:\Users\N.Kanakasabapathy\.m2\repository\org\seleniumhq\selenium\selenium-edge-driver\3.7.0\selenium-edge-driver-3.7.0.jar;C:\Users\N.Kanakasabapathy\.m2\repository\org\seleniumhq\selenium\selenium-firefox-driver\3.7.0\selenium-firefox-driver-3.7.0.jar;C:\Users\N.Kanakasabapathy\.m2\repository\org\seleniumhq\selenium\selenium-ie-driver\3.7.0\selenium-ie-driver-3.7.0.jar;C:\Users\N.Kanakasabapathy\.m2\repository\org\seleniumhq\selenium\selenium-opera-driver\3.7.0\selenium-opera-driver-3.7.0.jar;C:\Users\N.Kanakasabapathy\.m2\repository\org\seleniumhq\selenium\selenium-remote-driver\3.7.0\selenium-remote-driver-3.7.0.jar;C:\Users\N.Kanakasabapathy\.m2\repository\org\seleniumhq\selenium\selenium-safari-driver\3.7.0\selenium-safari-driver-3.7.0.jar;C:\Users\N.Kanakasabapathy\.m2\repository\org\seleniumhq\selenium\selenium-support\3.7.0\selenium-support-3.7.0.jar;C:\Users\N.Kanakasabapathy\.m2\repository\net\bytebuddy\byte-buddy\1.7.5\byte-buddy-1.7.5.jar;C:\Users\N.Kanakasabapathy\.m2\repository\org\apache\commons\commons-exec\1.3\commons-exec-1.3.jar;C:\Users\N.Kanakasabapathy\.m2\repository\commons-codec\commons-codec\1.10\commons-codec-1.10.jar;C:\Users\N.Kanakasabapathy\.m2\repository\commons-logging\commons-logging\1.2\commons-logging-1.2.jar;C:\Users\N.Kanakasabapathy\.m2\repository\com\google\code\gson\gson\2.8.2\gson-2.8.2.jar;C:\Users\N.Kanakasabapathy\.m2\repository\com\google\guava\guava\23.0\guava-23.0.jar;C:\Users\N.Kanakasabapathy\.m2\repository\com\google\code\findbugs\jsr305\1.3.9\jsr305-1.3.9.jar;C:\Users\N.Kanakasabapathy\.m2\repository\com\google\errorprone\error_prone_annotations\2.0.18\error_prone_annotations-2.0.18.jar;C:\Users\N.Kanakasabapathy\.m2\repository\com\google\j2objc\j2objc-annotations\1.1\j2objc-annotations-1.1.jar;C:\Users\N.Kanakasabapathy\.m2\repository\org\codehaus\mojo\animal-sniffer-annotations\1.14\animal-sniffer-annotations-1.14.jar;C:\Users\N.Kanakasabapathy\.m2\repository\org\apache\httpcomponents\httpclient\4.5.3\httpclient-4.5.3.jar;C:\Users\N.Kanakasabapathy\.m2\repository\org\apache\httpcomponents\httpcore\4.4.6\httpcore-4.4.6.jar;C:\Users\N.Kanakasabapathy\.m2\repository\info\cukes\cucumber-java\1.2.5\cucumber-java-1.2.5.jar;C:\Users\N.Kanakasabapathy\.m2\repository\info\cukes\cucumber-core\1.2.5\cucumber-core-1.2.5.jar;C:\Users\N.Kanakasabapathy\.m2\repository\info\cukes\cucumber-html\0.2.3\cucumber-html-0.2.3.jar;C:\Users\N.Kanakasabapathy\.m2\repository\info\cukes\gherkin\2.12.2\gherkin-2.12.2.jar;C:\Users\N.Kanakasabapathy\.m2\repository\info\cukes\cucumber-jvm-deps\1.0.5\cucumber-jvm-deps-1.0.5.jar;C:\Users\N.Kanakasabapathy\.m2\repository\info\cukes\cucumber-junit\1.2.5\cucumber-junit-1.2.5.jar;"/>
    <property name="sun.cpu.endian" value="little"/>
    <property name="user.home" value="C:\Users\N.Kanakasabapathy"/>
    <property name="user.language" value="en"/>
    <property name="java.specification.vendor" value="Oracle Corporation"/>
    <property name="java.version.date" value="2019-04-16"/>
    <property name="java.home" value="C:\Program Files\Java\jdk-12.0.1"/>
    <property name="file.separator" value="\"/>
    <property name="basedir" value="C:\Users\N.Kanakasabapathy\IdeaProjects\Cucumber_selenium"/>
    <property name="java.vm.compressedOopsMode" value="32-bit"/>
    <property name="line.separator" value="&#10;"/>
    <property name="java.vm.specification.vendor" value="Oracle Corporation"/>
    <property name="java.specification.name" value="Java Platform API Specification"/>
    <property name="java.awt.graphicsenv" value="sun.awt.Win32GraphicsEnvironment"/>
    <property name="surefire.real.class.path" value="C:\Users\N.Kanakasabapathy\AppData\Local\Temp\surefire12889192786203483222\surefirebooter13112274434427788542.jar"/>
    <property name="user.script" value=""/>
    <property name="sun.management.compiler" value="HotSpot 64-Bit Tiered Compilers"/>
    <property name="java.runtime.version" value="12.0.1+12"/>
    <property name="user.name" value="N.Kanakasabapathy"/>
    <property name="path.separator" value=";"/>
    <property name="os.version" value="10.0"/>
    <property name="java.runtime.name" value="Java(TM) SE Runtime Environment"/>
    <property name="file.encoding" value="Cp1252"/>
    <property name="java.vm.name" value="Java HotSpot(TM) 64-Bit Server VM"/>
    <property name="localRepository" value="C:\Users\N.Kanakasabapathy\.m2\repository"/>
    <property name="java.vendor.url.bug" value="https://bugreport.java.com/bugreport/"/>
    <property name="java.io.tmpdir" value="C:\Users\N.Kanakasabapathy\AppData\Local\Temp\"/>
    <property name="java.version" value="12.0.1"/>
    <property name="user.dir" value="C:\Users\N.Kanakasabapathy\IdeaProjects\Cucumber_selenium"/>
    <property name="os.arch" value="amd64"/>
    <property name="java.vm.specification.name" value="Java Virtual Machine Specification"/>
    <property name="sun.os.patch.level" value=""/>
    <property name="idea.version2019.2" value="true"/>
    <property name="java.library.path" value="C:\Program Files\Java\jdk-12.0.1\bin;C:\windows\Sun\Java\bin;C:\windows\system32;C:\windows;C:\Program Files\JetBrains\IntelliJ IDEA Community Edition 2019.1.3\jbr\\bin;C:\Program Files\JetBrains\IntelliJ IDEA Community Edition 2019.1.3\jbr\\bin\server;C:\Program Files\JetBrains\IntelliJ IDEA Community Edition 2019.1.3\jbr\\bin;C:\Program Files\JetBrains\IntelliJ IDEA Community Edition 2019.1.3\jbr\\bin\server;C:\Program Files (x86)\Common Files\Oracle\Java\javapath;C:\windows\system32;C:\windows;C:\windows\System32\Wbem;C:\windows\System32\WindowsPowerShell\v1.0\;C:\windows\System32\OpenSSH\;C:\Program Files\Git\cmd;C:\Retail_OMS\apache-maven-3.6.1-bin\apache-maven-3.6.1\bin;C:\Driver\;C:\Users\N.Kanakasabapathy\AppData\Local\Microsoft\WindowsApps;;C:\Users\N.Kanakasabapathy\AppData\Local\Programs\Microsoft VS Code\bin;."/>
    <property name="java.vm.info" value="mixed mode, sharing"/>
    <property name="java.vendor" value="Oracle Corporation"/>
    <property name="java.vm.version" value="12.0.1+12"/>
    <property name="sun.io.unicode.encoding" value="UnicodeLittle"/>
    <property name="java.class.version" value="56.0"/>
  </properties>
  <testcase name="Given I go to &quot;https://www.google.com&quot;" classname="| https://www.google.com | Testing |" time="0.001"/>
  <testcase name="When i type &quot;Testing&quot;" classname="| https://www.google.com | Testing |" time="0"/>
  <testcase name="Then i should see the results" classname="| https://www.google.com | Testing |" time="0"/>
  <testcase name="| https://www.google.com | Testing |" classname="| https://www.google.com | Testing |" time="0"/>
  <testcase name="Given I go to &quot;https://www.google.com&quot;" classname="| https://www.google.com | Cucumber |" time="0"/>
  <testcase name="When i type &quot;Cucumber&quot;" classname="| https://www.google.com | Cucumber |" time="0"/>
  <testcase name="Then i should see the results" classname="| https://www.google.com | Cucumber |" time="0"/>
  <testcase name="| https://www.google.com | Cucumber |" classname="| https://www.google.com | Cucumber |" time="0"/>
</testsuite>